<?xml version="1.0" encoding="UTF-8"?>
<!-- Generated by org.testng.reporters.JUnitXMLReporter -->
<testsuite hostname="Ganesh" ignored="0" name="Test" tests="17" failures="2" timestamp="2023-01-30T18:04:04 IST" time="109.956" errors="0">
  <testcase name="Verify_With_Blank" time="0.668" classname="org.tditsolutions.qa.tests.LoginPageTest"/>
  <testcase name="verify_Correct_Login" time="2.81" classname="org.tditsolutions.qa.tests.LoginPageTest"/>
  <testcase name="verify_Incorrect_Login" time="0.883" classname="org.tditsolutions.qa.tests.LoginPageTest"/>
  <testcase name="verify_loginPage_Header" time="0.119" classname="org.tditsolutions.qa.tests.LoginPageTest"/>
  <testcase name="verify_Sidebar_Headers" time="3.264" classname="org.tditsolutions.qa.tests.HomePageTest"/>
  <testcase name="Verify_Add_Acccount_with_already_registered_Account" time="4.137" classname="org.tditsolutions.qa.tests.AddAccountTest"/>
  <testcase name="Verify_Add_Account_Invalid_Credentials" time="3.522" classname="org.tditsolutions.qa.tests.AddAccountTest"/>
  <testcase name="Verify_Add_Account_Valid_Credentials" time="3.883" classname="org.tditsolutions.qa.tests.AddAccountTest">
    <failure type="java.lang.AssertionError" message="expected [Account Registered.. ] but found [Failed , try again ]">
      <![CDATA[java.lang.AssertionError: expected [Account Registered.. ] but found [Failed , try again ]
at org.tditsolutions.qa.tests.AddAccountTest.Verify_Add_Account_Valid_Credentials(AddAccountTest.java:29)
at java.util.ArrayList.forEach(Unknown Source)
... Removed 32 stack frames]]>
    </failure>
  </testcase> <!-- Verify_Add_Account_Valid_Credentials -->
  <testcase name="Verify_Add_Account_Valid_Credentials" time="3.721" classname="org.tditsolutions.qa.tests.AddAccountTest">
    <failure type="java.lang.AssertionError" message="expected [Account Registered.. ] but found [Failed , try again ]">
      <![CDATA[java.lang.AssertionError: expected [Account Registered.. ] but found [Failed , try again ]
at org.tditsolutions.qa.tests.AddAccountTest.Verify_Add_Account_Valid_Credentials(AddAccountTest.java:29)
at java.util.ArrayList.forEach(Unknown Source)
... Removed 32 stack frames]]>
    </failure>
  </testcase> <!-- Verify_Add_Account_Valid_Credentials -->
  <testcase name="Verify_Add_Account_With_Allfields_Blank" time="3.53" classname="org.tditsolutions.qa.tests.AddAccountTest"/>
  <testcase name="Verify_Homepage_Button" time="3.581" classname="org.tditsolutions.qa.tests.AddAccountTest"/>
  <testcase name="Verify_title" time="2.764" classname="org.tditsolutions.qa.tests.AddAccountTest"/>
  <testcase name="Verify_Homepage_Button_Update_Account" time="3.748" classname="org.tditsolutions.qa.tests.UpdateAccountTest"/>
  <testcase name="Verify_Invalid_Credentials" time="3.633" classname="org.tditsolutions.qa.tests.UpdateAccountTest"/>
  <testcase name="Verify_Title" time="3.099" classname="org.tditsolutions.qa.tests.UpdateAccountTest"/>
  <testcase name="Verify_Valid_Credentials" time="3.659" classname="org.tditsolutions.qa.tests.UpdateAccountTest"/>
  <testcase name="Verify_With_All_Fields_Blank" time="3.533" classname="org.tditsolutions.qa.tests.UpdateAccountTest"/>
</testsuite> <!-- Test -->
